<?xml version="1.0" encoding="UTF-8" ?>
<testsuite failures="0" time="0.015" errors="0" skipped="0" tests="1" name="org.cats.application.AppTest">
  <properties>
    <property name="java.runtime.name" value="Java(TM) SE Runtime Environment"/>
    <property name="sun.boot.library.path" value="C:\Java\jdk1.7.0_79\jre\bin"/>
    <property name="java.vm.version" value="24.79-b02"/>
    <property name="java.vm.vendor" value="Oracle Corporation"/>
    <property name="java.vendor.url" value="http://java.oracle.com/"/>
    <property name="path.separator" value=";"/>
    <property name="java.vm.name" value="Java HotSpot(TM) 64-Bit Server VM"/>
    <property name="file.encoding.pkg" value="sun.io"/>
    <property name="user.script" value=""/>
    <property name="user.country" value="PL"/>
    <property name="sun.java.launcher" value="SUN_STANDARD"/>
    <property name="sun.os.patch.level" value=""/>
    <property name="java.vm.specification.name" value="Java Virtual Machine Specification"/>
    <property name="user.dir" value="C:\Users\mateusz\Desktop\eclipseworkplace\KotyDoKodu\cats-application"/>
    <property name="java.runtime.version" value="1.7.0_79-b15"/>
    <property name="java.awt.graphicsenv" value="sun.awt.Win32GraphicsEnvironment"/>
    <property name="basedir" value="C:\Users\mateusz\Desktop\eclipseworkplace\KotyDoKodu\cats-application"/>
    <property name="java.endorsed.dirs" value="C:\Java\jdk1.7.0_79\jre\lib\endorsed"/>
    <property name="os.arch" value="amd64"/>
    <property name="surefire.real.class.path" value="C:\Users\mateusz\Desktop\eclipseworkplace\KotyDoKodu\cats-application\target\surefire\surefirebooter1043404682790722575.jar"/>
    <property name="java.io.tmpdir" value="C:\Users\mateusz\AppData\Local\Temp\"/>
    <property name="line.separator" value="
"/>
    <property name="java.vm.specification.vendor" value="Oracle Corporation"/>
    <property name="user.variant" value=""/>
    <property name="os.name" value="Windows 8.1"/>
    <property name="sun.jnu.encoding" value="Cp1250"/>
    <property name="java.library.path" value="C:\Java\jdk1.7.0_79\jre\bin;C:\WINDOWS\Sun\Java\bin;C:\WINDOWS\system32;C:\WINDOWS;C:\ProgramData\Oracle\Java\javapath;C:\WINDOWS\System32\Wbem;C:\Java\jdk1.7.0_79\bin;C:\WINDOWS\system32;C:\WINDOWS;C:\WINDOWS\System32\WindowsPowerShell\v1.0\;c:\Program Files (x86)\Microsoft SQL Server\110\Tools\Binn\;c:\Program Files (x86)\Microsoft SQL Server\110\DTS\Binn\;C:\Program Files\apache-maven-3.5.3\bin;C:\Users\mateusz\AppData\Local\Microsoft\WindowsApps;;."/>
    <property name="surefire.test.class.path" value="C:\Users\mateusz\Desktop\eclipseworkplace\KotyDoKodu\cats-application\target\test-classes;C:\Users\mateusz\Desktop\eclipseworkplace\KotyDoKodu\cats-application\target\classes;C:\Users\mateusz\.m2\repository\junit\junit\3.8.1\junit-3.8.1.jar;C:\Users\mateusz\Desktop\eclipseworkplace\KotyDoKodu\cats-domain\target\cats-domain-0.0.1-SNAPSHOT.jar;C:\Users\mateusz\.m2\repository\org\springframework\spring-core\4.1.1.RELEASE\spring-core-4.1.1.RELEASE.jar;C:\Users\mateusz\.m2\repository\commons-logging\commons-logging\1.1.3\commons-logging-1.1.3.jar;"/>
    <property name="java.specification.name" value="Java Platform API Specification"/>
    <property name="java.class.version" value="51.0"/>
    <property name="sun.management.compiler" value="HotSpot 64-Bit Tiered Compilers"/>
    <property name="os.version" value="6.3"/>
    <property name="user.home" value="C:\Users\mateusz"/>
    <property name="user.timezone" value=""/>
    <property name="java.awt.printerjob" value="sun.awt.windows.WPrinterJob"/>
    <property name="java.specification.version" value="1.7"/>
    <property name="file.encoding" value="Cp1250"/>
    <property name="user.name" value="mateusz"/>
    <property name="java.class.path" value="C:\Users\mateusz\Desktop\eclipseworkplace\KotyDoKodu\cats-application\target\test-classes;C:\Users\mateusz\Desktop\eclipseworkplace\KotyDoKodu\cats-application\target\classes;C:\Users\mateusz\.m2\repository\junit\junit\3.8.1\junit-3.8.1.jar;C:\Users\mateusz\Desktop\eclipseworkplace\KotyDoKodu\cats-domain\target\cats-domain-0.0.1-SNAPSHOT.jar;C:\Users\mateusz\.m2\repository\org\springframework\spring-core\4.1.1.RELEASE\spring-core-4.1.1.RELEASE.jar;C:\Users\mateusz\.m2\repository\commons-logging\commons-logging\1.1.3\commons-logging-1.1.3.jar;"/>
    <property name="java.vm.specification.version" value="1.7"/>
    <property name="sun.arch.data.model" value="64"/>
    <property name="java.home" value="C:\Java\jdk1.7.0_79\jre"/>
    <property name="sun.java.command" value="C:\Users\mateusz\Desktop\eclipseworkplace\KotyDoKodu\cats-application\target\surefire\surefirebooter1043404682790722575.jar C:\Users\mateusz\Desktop\eclipseworkplace\KotyDoKodu\cats-application\target\surefire\surefire7191071244235389004tmp C:\Users\mateusz\Desktop\eclipseworkplace\KotyDoKodu\cats-application\target\surefire\surefire4412089388373242070tmp"/>
    <property name="java.specification.vendor" value="Oracle Corporation"/>
    <property name="user.language" value="pl"/>
    <property name="awt.toolkit" value="sun.awt.windows.WToolkit"/>
    <property name="java.vm.info" value="mixed mode"/>
    <property name="java.version" value="1.7.0_79"/>
    <property name="java.ext.dirs" value="C:\Java\jdk1.7.0_79\jre\lib\ext;C:\WINDOWS\Sun\Java\lib\ext"/>
    <property name="sun.boot.class.path" value="C:\Java\jdk1.7.0_79\jre\lib\resources.jar;C:\Java\jdk1.7.0_79\jre\lib\rt.jar;C:\Java\jdk1.7.0_79\jre\lib\sunrsasign.jar;C:\Java\jdk1.7.0_79\jre\lib\jsse.jar;C:\Java\jdk1.7.0_79\jre\lib\jce.jar;C:\Java\jdk1.7.0_79\jre\lib\charsets.jar;C:\Java\jdk1.7.0_79\jre\lib\jfr.jar;C:\Java\jdk1.7.0_79\jre\classes"/>
    <property name="java.vendor" value="Oracle Corporation"/>
    <property name="localRepository" value="C:\Users\mateusz\.m2\repository"/>
    <property name="file.separator" value="\"/>
    <property name="java.vendor.url.bug" value="http://bugreport.sun.com/bugreport/"/>
    <property name="sun.cpu.endian" value="little"/>
    <property name="sun.io.unicode.encoding" value="UnicodeLittle"/>
    <property name="sun.desktop" value="windows"/>
    <property name="sun.cpu.isalist" value="amd64"/>
  </properties>
  <testcase time="0.002" classname="org.cats.application.AppTest" name="testApp"/>
</testsuite>